INFO:__main__:2018-02-21 01:59:47 (KW08)
DEBUG:__main__:utf-8
INFO:__main__:		Testing mode on AntaresDesktop. Dummy folders active
INFO:readcred:Rading Credentials
DEBUG:connection:Connecting gsmdg.home.pl
INFO:connection:.Connected.
INFO:__main__:
Downloading from /MWM_VPN/test/Aktualizacje/ to c:/DATATRANSFER/temp/:
INFO:__main__:
TSDK_do_sprawdzenia_0714_s.0505_16-Feb-2018.rar
INFO:connection:.Connection closed.

INFO:__main__:Extracting files:
INFO:__main__:0714_define/0714_110_C_05_05_-_--_--_0001_ST.def	5668
INFO:__main__:C0714EXM/0714±110±C±05±05±-±--±--±0001±ST.model	962720
INFO:__main__:C0714STM/0714±110±C±05±05±-±--±--±0001±ST.model	3910400
INFO:__main__:C0714ZNM/0714±110±C±05±05±-±--±--±1001±DK.model	2030400
INFO:__main__:C0714ZNM/0714±110±C±05±05±-±--±--±1001±LS.model	1592400
INFO:__main__:C0714ZNM/0714±110±C±05±05±-±--±--±1001±RA.model	1097840
DEBUG:connection:Connecting gsmdg.home.pl
INFO:connection:.Connected.
INFO:__main__:Folders to be uploaded: 
['0714_define', 'C0714EXM', 'C0714STM', 'C0714ZNM']
DEBUG:__main__:0714_define
DEBUG:__main__:Sending CWD /MWM_VPN/test/0714/def/

INFO:__main__:
...Uploading files from c:\DATATRANSFER\temp\0714_define to /MWM_VPN/test/0714/def/
INFO:__main__:0714_110_C_05_05_-_--_--_0001_ST.def
INFO:__main__:	file overwritten. Owner:nobody. Att:-rw-rw-rw-
DEBUG:__main__:C0714EXM
DEBUG:__main__:Sending CWD /MWM_VPN/test/mod/C0714EXM

INFO:__main__:
...Uploading files from c:\DATATRANSFER\temp\C0714EXM to /MWM_VPN/test/mod/C0714EXM
INFO:__main__:0714±110±C±05±05±-±--±--±0001±ST.model
INFO:__main__:	saved as new. Owner:gsmdg_ftp@gsmdg.com. Att:664
DEBUG:__main__:C0714STM
DEBUG:__main__:Sending CWD /MWM_VPN/test/mod/C0714STM

INFO:__main__:
...Uploading files from c:\DATATRANSFER\temp\C0714STM to /MWM_VPN/test/mod/C0714STM
INFO:__main__:0714±110±C±05±05±-±--±--±0001±ST.model
INFO:__main__:	saved as new. Owner:gsmdg_ftp@gsmdg.com. Att:664
DEBUG:__main__:C0714ZNM
DEBUG:__main__:Sending CWD /MWM_VPN/test/mod/C0714ZNM
Error when sending CWD /MWM_VPN/TEST/MOD/C0714ZNM
	550 CWD command failed: No such file or directory.

ERROR:__main__:
Sending CWD /MWM_VPN/test/mod/C0714ZNM
Error when sending CWD /MWM_VPN/TEST/MOD/C0714ZNM
	550 CWD command failed: No such file or directory.

INFO:connection:.Connection closed.

INFO:__main__:2018-02-21 02:00:37
INFO:__main__:Elapsed 0:00:49.893768
INFO:__main__:........................................................................

INFO:__main__:2018-02-21 02:07:44 (KW08)
DEBUG:__main__:utf-8
INFO:__main__:		Testing mode on AntaresDesktop. Dummy folders active
INFO:readcred:Rading Credentials
DEBUG:connection:Connecting gsmdg.home.pl
INFO:connection:.Connected.
INFO:__main__:
Downloading from /MWM_VPN/test/Aktualizacje/ to c:/DATATRANSFER/temp/:
INFO:__main__:
TSDK_do_sprawdzenia_0714_s.0505_16-Feb-2018.rar
INFO:connection:.Connection closed.

INFO:__main__:Extracting files:
INFO:__main__:0714_define/0714_110_C_05_05_-_--_--_0001_ST.def	5668
INFO:__main__:C0714EXM/0714±110±C±05±05±-±--±--±0001±ST.model	962720
INFO:__main__:C0714STM/0714±110±C±05±05±-±--±--±0001±ST.model	3910400
INFO:__main__:C0714ZNM/0714±110±C±05±05±-±--±--±1001±DK.model	2030400
INFO:__main__:C0714ZNM/0714±110±C±05±05±-±--±--±1001±LS.model	1592400
INFO:__main__:C0714ZNM/0714±110±C±05±05±-±--±--±1001±RA.model	1097840
DEBUG:connection:Connecting gsmdg.home.pl
INFO:connection:.Connected.
INFO:__main__:Folders to be uploaded: 
['0714_define', 'C0714EXM', 'C0714STM', 'C0714ZNM']
DEBUG:__main__:0714_define
DEBUG:__main__:Sending CWD /MWM_VPN/test/0714/def/

INFO:__main__:
...Uploading files from c:\DATATRANSFER\temp\0714_define to /MWM_VPN/test/0714/def/
INFO:__main__:0714_110_C_05_05_-_--_--_0001_ST.def
INFO:__main__:	file overwritten. Owner:nobody. Att:-rw-rw-rw-
DEBUG:__main__:C0714EXM
DEBUG:__main__:Sending CWD /MWM_VPN/test/mod/C0714EXM

INFO:__main__:
...Uploading files from c:\DATATRANSFER\temp\C0714EXM to /MWM_VPN/test/mod/C0714EXM
INFO:__main__:0714±110±C±05±05±-±--±--±0001±ST.model
INFO:__main__:	saved as new. Owner:gsmdg_ftp@gsmdg.com. Att:664
DEBUG:__main__:C0714STM
DEBUG:__main__:Sending CWD /MWM_VPN/test/mod/C0714STM

INFO:__main__:
...Uploading files from c:\DATATRANSFER\temp\C0714STM to /MWM_VPN/test/mod/C0714STM
INFO:__main__:0714±110±C±05±05±-±--±--±0001±ST.model
INFO:__main__:	saved as new. Owner:gsmdg_ftp@gsmdg.com. Att:664
DEBUG:__main__:C0714ZNM
DEBUG:__main__:Sending CWD /MWM_VPN/test/mod/C0714ZNM
Error when sending CWD /MWM_VPN/TEST/MOD/C0714ZNM
	550 CWD command failed: No such file or directory.

INFO:connection:.Connection closed.

INFO:__main__:2018-02-21 02:08:35
INFO:__main__:Elapsed 0:00:50.697495
INFO:__main__:........................................................................

INFO:__main__:2018-02-21 02:15:23 (KW08)
DEBUG:__main__:utf-8
INFO:__main__:		Testing mode on AntaresDesktop. Dummy folders active
INFO:readcred:Rading Credentials
DEBUG:connection:Connecting gsmdg.home.pl
INFO:connection:.Connected.
INFO:__main__:
Downloading from /MWM_VPN/test/Aktualizacje/ to c:/DATATRANSFER/temp/:
INFO:__main__:
TSDK_do_sprawdzenia_0714_s.0505_16-Feb-2018.rar
INFO:connection:.Connection closed.

INFO:__main__:Extracting files:
INFO:__main__:0714_define/0714_110_C_05_05_-_--_--_0001_ST.def	5668
INFO:__main__:C0714EXM/0714±110±C±05±05±-±--±--±0001±ST.model	962720
INFO:__main__:C0714STM/0714±110±C±05±05±-±--±--±0001±ST.model	3910400
INFO:__main__:C0714ZNM/0714±110±C±05±05±-±--±--±1001±DK.model	2030400
INFO:__main__:C0714ZNM/0714±110±C±05±05±-±--±--±1001±LS.model	1592400
INFO:__main__:C0714ZNM/0714±110±C±05±05±-±--±--±1001±RA.model	1097840
DEBUG:connection:Connecting gsmdg.home.pl
INFO:connection:.Connected.
INFO:__main__:Folders to be uploaded: 
['0714_define', 'C0714EXM', 'C0714STM', 'C0714ZNM']
DEBUG:__main__:0714_define
INFO:__main__:
...Uploading files from c:\DATATRANSFER\temp\0714_define to /MWM_VPN/test/0714/def/
INFO:__main__:0714_110_C_05_05_-_--_--_0001_ST.def
INFO:__main__:	file overwritten. Owner:nobody. Att:-rw-rw-rw-
DEBUG:__main__:C0714EXM
INFO:__main__:
...Uploading files from c:\DATATRANSFER\temp\C0714EXM to /MWM_VPN/test/mod/C0714EXM
INFO:__main__:0714±110±C±05±05±-±--±--±0001±ST.model
INFO:__main__:	saved as new. Owner:gsmdg_ftp@gsmdg.com. Att:664
DEBUG:__main__:C0714STM
INFO:__main__:
...Uploading files from c:\DATATRANSFER\temp\C0714STM to /MWM_VPN/test/mod/C0714STM
INFO:__main__:0714±110±C±05±05±-±--±--±0001±ST.model
INFO:__main__:	saved as new. Owner:gsmdg_ftp@gsmdg.com. Att:664
DEBUG:__main__:C0714ZNM
ERROR:__main__:
Sending CWD /MWM_VPN/test/mod/C0714ZNM
Error when sending CWD /MWM_VPN/TEST/MOD/C0714ZNM
	550 CWD command failed: No such file or directory.

INFO:connection:.Connection closed.

INFO:__main__:2018-02-21 02:16:13
INFO:__main__:Elapsed 0:00:50.104303
INFO:__main__:........................................................................

INFO:__main__:2018-02-21 02:20:42 (KW08)
DEBUG:__main__:utf-8
INFO:__main__:		Testing mode on AntaresDesktop. Dummy folders active
INFO:readcred:Rading Credentials
DEBUG:connection:Connecting gsmdg.home.pl
INFO:connection:.Connected.
INFO:__main__:
Downloading from /MWM_VPN/test/Aktualizacje/ to c:/DATATRANSFER/temp/:
INFO:__main__:
TSDK_do_sprawdzenia_0714_s.0505_16-Feb-2018.rar
INFO:connection:.Connection closed.

INFO:__main__:Extracting files:
INFO:__main__:0714_define/0714_110_C_05_05_-_--_--_0001_ST.def	5668
INFO:__main__:C0714EXM/0714±110±C±05±05±-±--±--±0001±ST.model	962720
INFO:__main__:C0714STM/0714±110±C±05±05±-±--±--±0001±ST.model	3910400
INFO:__main__:C0714ZNM/0714±110±C±05±05±-±--±--±1001±DK.model	2030400
INFO:__main__:C0714ZNM/0714±110±C±05±05±-±--±--±1001±LS.model	1592400
INFO:__main__:C0714ZNM/0714±110±C±05±05±-±--±--±1001±RA.model	1097840
DEBUG:connection:Connecting gsmdg.home.pl
INFO:connection:.Connected.
INFO:__main__:Folders to be uploaded: 
['0714_define', 'C0714EXM', 'C0714STM', 'C0714ZNM']
DEBUG:__main__:0714_define
INFO:__main__:
...Uploading files from c:\DATATRANSFER\temp\0714_define to /MWM_VPN/test/0714/def/
INFO:__main__:0714_110_C_05_05_-_--_--_0001_ST.def
INFO:__main__:	file overwritten. Owner:nobody. Att:-rw-rw-rw-
DEBUG:__main__:C0714EXM
INFO:__main__:
...Uploading files from c:\DATATRANSFER\temp\C0714EXM to /MWM_VPN/test/mod/C0714EXM
INFO:__main__:0714±110±C±05±05±-±--±--±0001±ST.model
INFO:__main__:2018-02-21 02:21:24 (KW08)
DEBUG:__main__:utf-8
INFO:__main__:		Testing mode on AntaresDesktop. Dummy folders active
INFO:readcred:Rading Credentials
DEBUG:connection:Connecting gsmdg.home.pl
INFO:connection:.Connected.
INFO:__main__:
Downloading from /MWM_VPN/test/Aktualizacje/ to c:/DATATRANSFER/temp/:
INFO:__main__:
TSDK_do_sprawdzenia_0714_s.0505_16-Feb-2018.rar
INFO:connection:.Connection closed.

INFO:__main__:Extracting files:
INFO:__main__:0714_define/0714_110_C_05_05_-_--_--_0001_ST.def	5668
INFO:__main__:C0714EXM/0714±110±C±05±05±-±--±--±0001±ST.model	962720
INFO:__main__:C0714STM/0714±110±C±05±05±-±--±--±0001±ST.model	3910400
INFO:__main__:C0714ZNM/0714±110±C±05±05±-±--±--±1001±DK.model	2030400
INFO:__main__:C0714ZNM/0714±110±C±05±05±-±--±--±1001±LS.model	1592400
INFO:__main__:C0714ZNM/0714±110±C±05±05±-±--±--±1001±RA.model	1097840
DEBUG:connection:Connecting gsmdg.home.pl
INFO:connection:.Connected.
INFO:__main__:Folders to be uploaded: 
['0714_define', 'C0714EXM', 'C0714STM', 'C0714ZNM']
DEBUG:__main__:0714_define
INFO:__main__:
...Uploading files from c:\DATATRANSFER\temp\0714_define to /MWM_VPN/test/0714/def/
INFO:__main__:0714_110_C_05_05_-_--_--_0001_ST.def
INFO:__main__:	file overwritten. Owner:nobody. Att:-rw-rw-rw-
DEBUG:__main__:C0714EXM
INFO:__main__:
...Uploading files from c:\DATATRANSFER\temp\C0714EXM to /MWM_VPN/test/mod/C0714EXM
INFO:__main__:0714±110±C±05±05±-±--±--±0001±ST.model
INFO:__main__:	saved as new. Owner:gsmdg_ftp@gsmdg.com. Att:664
DEBUG:__main__:C0714STM
INFO:__main__:
...Uploading files from c:\DATATRANSFER\temp\C0714STM to /MWM_VPN/test/mod/C0714STM
INFO:__main__:0714±110±C±05±05±-±--±--±0001±ST.model
INFO:__main__:	saved as new. Owner:gsmdg_ftp@gsmdg.com. Att:664
DEBUG:__main__:C0714ZNM
ERROR:__main__:
Sending CWD /MWM_VPN/test/mod/C0714ZNM
Error when sending CWD /MWM_VPN/TEST/MOD/C0714ZNM
	550 CWD command failed: No such file or directory.

INFO:connection:.Connection closed.

INFO:__main__:2018-02-21 02:22:13
INFO:__main__:Elapsed 0:00:48.658063
INFO:__main__:........................................................................

INFO:__main__:2018-02-21 02:26:15 (KW08)
DEBUG:__main__:utf-8
INFO:__main__:		Testing mode on AntaresDesktop. Dummy folders active
INFO:readcred:Rading Credentials
DEBUG:connection:Connecting gsmdg.home.pl
INFO:connection:.Connected.
INFO:__main__:
Downloading from /MWM_VPN/test/Aktualizacje/ to c:/DATATRANSFER/temp/:
INFO:__main__:
TSDK_do_sprawdzenia_0714_s.0505_16-Feb-2018.rar
INFO:connection:.Connection closed.

INFO:__main__:Extracting files:
INFO:__main__:0714_define/0714_110_C_05_05_-_--_--_0001_ST.def	5668
INFO:__main__:C0714EXM/0714±110±C±05±05±-±--±--±0001±ST.model	962720
INFO:__main__:C0714STM/0714±110±C±05±05±-±--±--±0001±ST.model	3910400
INFO:__main__:C0714ZNM/0714±110±C±05±05±-±--±--±1001±DK.model	2030400
INFO:__main__:C0714ZNM/0714±110±C±05±05±-±--±--±1001±LS.model	1592400
INFO:__main__:C0714ZNM/0714±110±C±05±05±-±--±--±1001±RA.model	1097840
DEBUG:connection:Connecting gsmdg.home.pl
INFO:connection:.Connected.
INFO:__main__:Folders to be uploaded: 
['0714_define', 'C0714EXM', 'C0714STM', 'C0714ZNM']
DEBUG:__main__:0714_define
INFO:__main__:
...Uploading files from c:\DATATRANSFER\temp\0714_define to /MWM_VPN/test/0714/def/
INFO:__main__:0714_110_C_05_05_-_--_--_0001_ST.def
INFO:__main__:	file overwritten. Owner:nobody. Att:-rw-rw-rw-
DEBUG:__main__:C0714EXM
INFO:__main__:
...Uploading files from c:\DATATRANSFER\temp\C0714EXM to /MWM_VPN/test/mod/C0714EXM
INFO:__main__:0714±110±C±05±05±-±--±--±0001±ST.model
INFO:__main__:	saved as new. Owner:gsmdg_ftp@gsmdg.com. Att:664
DEBUG:__main__:C0714STM
INFO:__main__:
...Uploading files from c:\DATATRANSFER\temp\C0714STM to /MWM_VPN/test/mod/C0714STM
INFO:__main__:0714±110±C±05±05±-±--±--±0001±ST.model
INFO:__main__:	saved as new. Owner:gsmdg_ftp@gsmdg.com. Att:664
DEBUG:__main__:C0714ZNM
ERROR:__main__:
Sending CWD /MWM_VPN/test/mod/C0714ZNM
Error when sending CWD /MWM_VPN/TEST/MOD/C0714ZNM
	550 CWD command failed: No such file or directory.

INFO:connection:.Connection closed.

INFO:__main__:2018-02-21 02:27:04
INFO:__main__:Elapsed 0:00:49.077249
INFO:__main__:........................................................................

INFO:__main__:2018-02-21 02:31:00 (KW08)
DEBUG:__main__:utf-8
INFO:__main__:		Testing mode on AntaresDesktop. Dummy folders active
INFO:readcred:Rading Credentials
DEBUG:connection:Connecting gsmdg.home.pl
INFO:connection:.Connected.
INFO:connection:.Connection closed.

DEBUG:connection:Connecting gsmdg.home.pl
INFO:connection:.Connected.
INFO:__main__:Folders to be uploaded: 
[]
INFO:connection:.Connection closed.

INFO:__main__:2018-02-21 02:31:02
INFO:__main__:Elapsed 0:00:01.641712
INFO:__main__:........................................................................

INFO:__main__:2018-02-21 02:31:17 (KW08)
DEBUG:__main__:utf-8
INFO:__main__:		Testing mode on AntaresDesktop. Dummy folders active
INFO:readcred:Rading Credentials
DEBUG:connection:Connecting gsmdg.home.pl
INFO:connection:.Connected.
INFO:connection:.Connection closed.

DEBUG:connection:Connecting gsmdg.home.pl
INFO:connection:.Connected.
INFO:__main__:Folders to be uploaded: 
[]
INFO:connection:.Connection closed.

INFO:__main__:2018-02-21 02:31:18
INFO:__main__:Elapsed 0:00:01.197171
INFO:__main__:........................................................................

INFO:__main__:2018-02-21 02:31:58 (KW08)
DEBUG:__main__:utf-8
INFO:__main__:		Testing mode on AntaresDesktop. Dummy folders active
INFO:readcred:Rading Credentials
DEBUG:connection:Connecting gsmdg.home.pl
INFO:connection:.Connected.
INFO:__main__:
Downloading from /MWM_VPN/test/Aktualizacje/ to c:/DATATRANSFER/temp/:
INFO:__main__:
TSDK_do_sprawdzenia_0714_s.0505_16-Feb-2018.rar
INFO:connection:.Connection closed.

INFO:__main__:Extracting files:
INFO:__main__:0714_define/0714_110_C_05_05_-_--_--_0001_ST.def	5668
INFO:__main__:C0714EXM/0714±110±C±05±05±-±--±--±0001±ST.model	962720
INFO:__main__:C0714STM/0714±110±C±05±05±-±--±--±0001±ST.model	3910400
INFO:__main__:C0714ZNM/0714±110±C±05±05±-±--±--±1001±DK.model	2030400
INFO:__main__:C0714ZNM/0714±110±C±05±05±-±--±--±1001±LS.model	1592400
INFO:__main__:C0714ZNM/0714±110±C±05±05±-±--±--±1001±RA.model	1097840
INFO:__main__:2018-02-21 02:33:22 (KW08)
DEBUG:__main__:utf-8
INFO:__main__:		Testing mode on AntaresDesktop. Dummy folders active
INFO:readcred:Rading Credentials
DEBUG:connection:Connecting gsmdg.home.pl
INFO:connection:.Connected.
INFO:__main__:
Downloading from /MWM_VPN/test/Aktualizacje/ to c:/DATATRANSFER/temp/:
INFO:__main__:
TSDK_do_sprawdzenia_0714_s.0505_16-Feb-2018.rar
INFO:connection:.Connection closed.

INFO:__main__:Extracting files:
INFO:__main__:0714_define/0714_110_C_05_05_-_--_--_0001_ST.def	5668
INFO:__main__:C0714EXM/0714±110±C±05±05±-±--±--±0001±ST.model	962720
INFO:__main__:C0714STM/0714±110±C±05±05±-±--±--±0001±ST.model	3910400
INFO:__main__:C0714ZNM/0714±110±C±05±05±-±--±--±1001±DK.model	2030400
INFO:__main__:C0714ZNM/0714±110±C±05±05±-±--±--±1001±LS.model	1592400
INFO:__main__:C0714ZNM/0714±110±C±05±05±-±--±--±1001±RA.model	1097840
DEBUG:connection:Connecting gsmdg.home.pl
INFO:connection:.Connected.
INFO:__main__:Folders to be uploaded: 
['0714_define', 'C0714EXM', 'C0714STM', 'C0714ZNM']
DEBUG:__main__:0714_define
INFO:__main__:
...Uploading files from c:\DATATRANSFER\temp\0714_define to /MWM_VPN/test/0714/def/
INFO:__main__:0714_110_C_05_05_-_--_--_0001_ST.def
INFO:__main__:	file overwritten. Owner:nobody. Att:-rw-rw-rw-
DEBUG:__main__:C0714EXM
INFO:__main__:
...Uploading files from c:\DATATRANSFER\temp\C0714EXM to /MWM_VPN/test/mod/C0714EXM
INFO:__main__:0714±110±C±05±05±-±--±--±0001±ST.model
INFO:__main__:	saved as new. Owner:gsmdg_ftp@gsmdg.com. Att:664
DEBUG:__main__:C0714STM
INFO:__main__:
...Uploading files from c:\DATATRANSFER\temp\C0714STM to /MWM_VPN/test/mod/C0714STM
INFO:__main__:0714±110±C±05±05±-±--±--±0001±ST.model
INFO:__main__:	saved as new. Owner:gsmdg_ftp@gsmdg.com. Att:664
DEBUG:__main__:C0714ZNM
ERROR:__main__:
Sending CWD /MWM_VPN/test/mod/C0714ZNM
Error when sending CWD /MWM_VPN/TEST/MOD/C0714ZNM
	550 CWD command failed: No such file or directory.

INFO:connection:.Connection closed.

INFO:__main__:2018-02-21 02:34:11
INFO:__main__:Elapsed 0:00:48.820061
INFO:__main__:........................................................................

INFO:__main__:2018-02-21 02:35:40 (KW08)
DEBUG:__main__:utf-8
INFO:__main__:		Testing mode on AntaresDesktop. Dummy folders active
INFO:readcred:Rading Credentials
DEBUG:connection:Connecting gsmdg.home.pl
INFO:connection:.Connected.
INFO:connection:.Connection closed.

INFO:__main__:Extracting files:
INFO:__main__:0714_define/0714_110_C_05_05_-_--_--_0001_ST.def	5668
INFO:__main__:C0714EXM/0714±110±C±05±05±-±--±--±0001±ST.model	962720
INFO:__main__:C0714STM/0714±110±C±05±05±-±--±--±0001±ST.model	3910400
INFO:__main__:C0714ZNM/0714±110±C±05±05±-±--±--±1001±DK.model	2030400
INFO:__main__:C0714ZNM/0714±110±C±05±05±-±--±--±1001±LS.model	1592400
INFO:__main__:C0714ZNM/0714±110±C±05±05±-±--±--±1001±RA.model	1097840
DEBUG:connection:Connecting gsmdg.home.pl
INFO:connection:.Connected.
INFO:__main__:Folders to be uploaded: 
['0714_define', 'C0714EXM', 'C0714STM', 'C0714ZNM']
DEBUG:__main__:0714_define
INFO:__main__:
...Uploading files from c:\DATATRANSFER\temp\0714_define to /MWM_VPN/test/0714/def/
INFO:__main__:0714_110_C_05_05_-_--_--_0001_ST.def
INFO:__main__:	saved as new. Owner:gsmdg_ftp@gsmdg.com. Att:666
DEBUG:__main__:C0714EXM
INFO:__main__:
...Uploading files from c:\DATATRANSFER\temp\C0714EXM to /MWM_VPN/test/mod/C0714EXM
INFO:__main__:0714±110±C±05±05±-±--±--±0001±ST.model
INFO:__main__:	saved as new. Owner:gsmdg_ftp@gsmdg.com. Att:664
DEBUG:__main__:C0714STM
INFO:__main__:
...Uploading files from c:\DATATRANSFER\temp\C0714STM to /MWM_VPN/test/mod/C0714STM
INFO:__main__:0714±110±C±05±05±-±--±--±0001±ST.model
INFO:__main__:	saved as new. Owner:gsmdg_ftp@gsmdg.com. Att:664
DEBUG:__main__:C0714ZNM
ERROR:__main__:
Sending CWD /MWM_VPN/test/mod/C0714ZNM
Error when sending CWD /MWM_VPN/TEST/MOD/C0714ZNM
	550 CWD command failed: No such file or directory.

INFO:connection:.Connection closed.

INFO:__main__:2018-02-21 02:36:29
INFO:__main__:Elapsed 0:00:48.627740
INFO:__main__:........................................................................

INFO:__main__:2018-02-21 02:36:42 (KW08)
DEBUG:__main__:utf-8
INFO:__main__:		Testing mode on AntaresDesktop. Dummy folders active
INFO:readcred:Rading Credentials
DEBUG:connection:Connecting gsmdg.home.pl
INFO:connection:.Connected.
INFO:connection:.Connection closed.

INFO:__main__:Extracting files:
INFO:__main__:0714_define/0714_110_C_05_05_-_--_--_0001_ST.def	5668
INFO:__main__:C0714EXM/0714±110±C±05±05±-±--±--±0001±ST.model	962720
INFO:__main__:C0714STM/0714±110±C±05±05±-±--±--±0001±ST.model	3910400
INFO:__main__:C0714ZNM/0714±110±C±05±05±-±--±--±1001±DK.model	2030400
INFO:__main__:C0714ZNM/0714±110±C±05±05±-±--±--±1001±LS.model	1592400
INFO:__main__:C0714ZNM/0714±110±C±05±05±-±--±--±1001±RA.model	1097840
DEBUG:connection:Connecting gsmdg.home.pl
INFO:connection:.Connected.
INFO:__main__:Folders to be uploaded: 
['0714_define', 'C0714EXM', 'C0714STM', 'C0714ZNM']
DEBUG:__main__:0714_define
INFO:__main__:
...Uploading files from c:\DATATRANSFER\temp\0714_define to /MWM_VPN/test/0714/def/
INFO:__main__:0714_110_C_05_05_-_--_--_0001_ST.def
INFO:__main__:	file overwritten. Owner:nobody. Att:-rw-rw-rw-
DEBUG:__main__:C0714EXM
INFO:__main__:
...Uploading files from c:\DATATRANSFER\temp\C0714EXM to /MWM_VPN/test/mod/C0714EXM
INFO:__main__:0714±110±C±05±05±-±--±--±0001±ST.model
INFO:__main__:	saved as new. Owner:gsmdg_ftp@gsmdg.com. Att:664
DEBUG:__main__:C0714STM
INFO:__main__:
...Uploading files from c:\DATATRANSFER\temp\C0714STM to /MWM_VPN/test/mod/C0714STM
INFO:__main__:0714±110±C±05±05±-±--±--±0001±ST.model
INFO:__main__:	saved as new. Owner:gsmdg_ftp@gsmdg.com. Att:664
DEBUG:__main__:C0714ZNM
ERROR:__main__:
Sending CWD /MWM_VPN/test/mod/C0714ZNM
Error when sending CWD /MWM_VPN/TEST/MOD/C0714ZNM
	550 CWD command failed: No such file or directory.

INFO:connection:.Connection closed.

INFO:__main__:2018-02-21 02:37:29
INFO:__main__:Elapsed 0:00:46.844983
INFO:__main__:........................................................................

INFO:__main__:2018-02-21 02:37:48 (KW08)
DEBUG:__main__:utf-8
INFO:__main__:		Testing mode on AntaresDesktop. Dummy folders active
INFO:readcred:Rading Credentials
DEBUG:connection:Connecting gsmdg.home.pl
INFO:connection:.Connected.
INFO:connection:.Connection closed.

INFO:__main__:Extracting files:
INFO:__main__:0714_define/0714_110_C_05_05_-_--_--_0001_ST.def	5668
INFO:__main__:C0714EXM/0714±110±C±05±05±-±--±--±0001±ST.model	962720
INFO:__main__:C0714STM/0714±110±C±05±05±-±--±--±0001±ST.model	3910400
INFO:__main__:C0714ZNM/0714±110±C±05±05±-±--±--±1001±DK.model	2030400
INFO:__main__:C0714ZNM/0714±110±C±05±05±-±--±--±1001±LS.model	1592400
INFO:__main__:C0714ZNM/0714±110±C±05±05±-±--±--±1001±RA.model	1097840
DEBUG:connection:Connecting gsmdg.home.pl
INFO:connection:.Connected.
INFO:__main__:Folders to be uploaded: 
['0714_define', 'C0714EXM', 'C0714STM', 'C0714ZNM']
DEBUG:__main__:0714_define
INFO:__main__:
...Uploading files from c:\DATATRANSFER\temp\0714_define to /MWM_VPN/test/0714/def/
INFO:__main__:0714_110_C_05_05_-_--_--_0001_ST.def
INFO:__main__:	file overwritten. Owner:nobody. Att:-rw-rw-rw-
DEBUG:__main__:C0714EXM
INFO:__main__:
...Uploading files from c:\DATATRANSFER\temp\C0714EXM to /MWM_VPN/test/mod/C0714EXM
INFO:__main__:0714±110±C±05±05±-±--±--±0001±ST.model
INFO:__main__:	saved as new. Owner:gsmdg_ftp@gsmdg.com. Att:664
DEBUG:__main__:C0714STM
INFO:__main__:
...Uploading files from c:\DATATRANSFER\temp\C0714STM to /MWM_VPN/test/mod/C0714STM
INFO:__main__:0714±110±C±05±05±-±--±--±0001±ST.model
INFO:__main__:	saved as new. Owner:gsmdg_ftp@gsmdg.com. Att:664
DEBUG:__main__:C0714ZNM
ERROR:__main__:
Sending CWD /MWM_VPN/test/mod/C0714ZNM
Error when sending CWD /MWM_VPN/TEST/MOD/C0714ZNM
	550 CWD command failed: No such file or directory.

INFO:connection:.Connection closed.

INFO:__main__:2018-02-21 02:38:35
INFO:__main__:Elapsed 0:00:47.130221
INFO:__main__:........................................................................

INFO:__main__:2018-02-21 02:40:11 (KW08)
DEBUG:__main__:utf-8
INFO:__main__:		Testing mode on AntaresDesktop. Dummy folders active
INFO:readcred:Rading Credentials
DEBUG:connection:Connecting gsmdg.home.pl
INFO:connection:.Connected.
INFO:connection:.Connection closed.

INFO:__main__:Extracting files:
INFO:__main__:0714_define/0714_110_C_05_05_-_--_--_0001_ST.def	5668
INFO:__main__:C0714EXM/0714±110±C±05±05±-±--±--±0001±ST.model	962720
INFO:__main__:C0714STM/0714±110±C±05±05±-±--±--±0001±ST.model	3910400
INFO:__main__:C0714ZNM/0714±110±C±05±05±-±--±--±1001±DK.model	2030400
INFO:__main__:C0714ZNM/0714±110±C±05±05±-±--±--±1001±LS.model	1592400
INFO:__main__:C0714ZNM/0714±110±C±05±05±-±--±--±1001±RA.model	1097840
DEBUG:connection:Connecting gsmdg.home.pl
INFO:connection:.Connected.
INFO:__main__:Folders to be uploaded: 
['0714_define', 'C0714EXM', 'C0714STM', 'C0714ZNM']
DEBUG:__main__:0714_define
INFO:__main__:
...Uploading files from c:\DATATRANSFER\temp\0714_define to /MWM_VPN/test/0714/def/
INFO:__main__:0714_110_C_05_05_-_--_--_0001_ST.def
INFO:__main__:	file overwritten. Owner:nobody. Att:-rw-rw-rw-
DEBUG:__main__:C0714EXM
INFO:__main__:
...Uploading files from c:\DATATRANSFER\temp\C0714EXM to /MWM_VPN/test/mod/C0714EXM
INFO:__main__:0714±110±C±05±05±-±--±--±0001±ST.model
INFO:__main__:	file overwritten. Owner:nobody. Att:-rw-rw-r--
DEBUG:__main__:C0714STM
INFO:__main__:
...Uploading files from c:\DATATRANSFER\temp\C0714STM to /MWM_VPN/test/mod/C0714STM
INFO:__main__:0714±110±C±05±05±-±--±--±0001±ST.model
INFO:__main__:	file overwritten. Owner:nobody. Att:-rw-rw-r--
DEBUG:__main__:C0714ZNM
ERROR:__main__:
Sending CWD /MWM_VPN/test/mod/C0714ZNM
Error when sending CWD /MWM_VPN/TEST/MOD/C0714ZNM
	550 CWD command failed: No such file or directory.

INFO:connection:.Connection closed.

INFO:__main__:2018-02-21 02:40:58
INFO:__main__:Elapsed 0:00:46.918480
INFO:__main__:........................................................................

INFO:__main__:2018-02-21 02:43:01 (KW08)
DEBUG:__main__:utf-8
INFO:__main__:		Testing mode on AntaresDesktop. Dummy folders active
INFO:readcred:Rading Credentials
DEBUG:connection:Connecting gsmdg.home.pl
INFO:connection:.Connected.
INFO:__main__:
Downloading from /MWM_VPN/test/Aktualizacje/ to c:/DATATRANSFER/temp/:
INFO:__main__:
TSDK_do_sprawdzenia_0714_s.0505_16-Feb-2018.rar
INFO:__main__:
LFUDM_zgrane_o_10-01.rar
INFO:__main__:
STCHU_TCM_R0394ERM_synchro_08-Feb-2018.rar
INFO:__main__:
STCHU_TCM_R0708ERM_synchro_08-Feb-2018.rar
INFO:__main__:
R0714ERM_4006_0714_257_R_05_-_02_--_4006_08-Feb-2018.rar
INFO:__main__:
STCHU_TCM_R0696ERM_synchro_08-Feb-2018.rar
INFO:connection:.Connection closed.

INFO:__main__:Extracting files:
INFO:__main__:LFUDM/----±872±B±--±--±-±--±--±5248±ER±PROTECTION±PIPE±FOR±CABLES.model	197920
INFO:__main__:LFUDM/----±872±B±--±--±-±--±--±5248±ZN±PROTECTION±PIPE±FOR±CABLES.model	3161600
INFO:__main__:LFUDM/----±872±B±--±--±-±--±--±5328±ER±BRACKET±FOR±418.0150.model	65760
INFO:__main__:LFUDM/----±872±B±--±--±-±--±--±5328±ZN±BRACKET±FOR±418.0150.model	3172560
INFO:__main__:LFUDM/----±872±B±--±--±-±--±--±5335±ER±BUEGEL±210X620.model	176720
INFO:__main__:LFUDM/----±872±B±--±--±-±--±--±5335±ZN±BUEGEL±210X620.model	3128960
INFO:__main__:LFUDM/----±872±B±--±--±-±--±--±5336±ER±L40X40±GELOCHT±L=200.model	147280
INFO:__main__:LFUDM/----±872±B±--±--±-±--±--±5336±ZN±L40X40±GELOCHT±L=200.model	3080560
INFO:__main__:LFUDS/----±872±B±--±--±-±--±--±5248±ZN±PROTECTION±PIPE±FOR±CABLES.sheet	1120
INFO:__main__:LFUDS/----±872±B±--±--±-±--±--±5328±ZN±BRACKET±FOR±418.0150.sheet	1120
INFO:__main__:LFUDS/----±872±B±--±--±-±--±--±5335±ZN±BUEGEL±210X620.sheet	1120
INFO:__main__:LFUDS/----±872±B±--±--±-±--±--±5336±ZN±L40X40±GELOCHT±L=200.sheet	1120
INFO:__main__:LFUDSE/----±872±B±--±--±-±--±--±5248±SE±PROTECTION±PIPE±FOR±CABLES±±SESSION.session	14560
INFO:__main__:LFUDSE/----±872±B±--±--±-±--±--±5328±SE±BRACKET±FOR±418.0150±±±±±±±±SESSION.session	15200
INFO:__main__:LFUDSE/----±872±B±--±--±-±--±--±5335±SE±BUEGEL±210X620±±±±±±±±±±±±±±SESSION.session	23200
INFO:__main__:LFUDSE/----±872±B±--±--±-±--±--±5336±SE±L40X40±GELOCHT±L=200±±±±±±±±SESSION.session	14560
INFO:__main__:R0714ERM/0714±257±R±--±05±-±02±--±4006±FB.model	3382640
INFO:__main__:R0714ERM/0714±257±R±--±05±-±02±--±4006±FU.model	286320
INFO:__main__:R0394ERM/0394±065±R±--±00±-±05±15±5052±RP.model	478880
INFO:__main__:R0394ERM/0394±591±R±--±02±-±05±14±1002±HZ.model	282160
INFO:__main__:R0696ERM/0696±872±R±--±01±-±05±15±1001±KB.model	2332080
INFO:__main__:R0708ERM/0708±7±±±R±--±01±-±05±16±2001±RP.model	9332880
INFO:__main__:0714_define/0714_110_C_05_05_-_--_--_0001_ST.def	5668
INFO:__main__:C0714EXM/0714±110±C±05±05±-±--±--±0001±ST.model	962720
INFO:__main__:C0714STM/0714±110±C±05±05±-±--±--±0001±ST.model	3910400
INFO:__main__:C0714ZNM/0714±110±C±05±05±-±--±--±1001±DK.model	2030400
INFO:__main__:C0714ZNM/0714±110±C±05±05±-±--±--±1001±LS.model	1592400
INFO:__main__:C0714ZNM/0714±110±C±05±05±-±--±--±1001±RA.model	1097840
DEBUG:connection:Connecting gsmdg.home.pl
INFO:connection:.Connected.
INFO:__main__:Folders to be uploaded: 
['0714_define', 'C0714EXM', 'C0714STM', 'C0714ZNM', 'LFUDM', 'LFUDS', 'LFUDSE', 'R0394ERM', 'R0696ERM', 'R0708ERM', 'R0714ERM']
DEBUG:__main__:0714_define
INFO:__main__:
...Uploading files from c:\DATATRANSFER\temp\0714_define to /MWM_VPN/test/0714/def/
INFO:__main__:0714_110_C_05_05_-_--_--_0001_ST.def
INFO:__main__:	file overwritten. Owner:nobody. Att:-rw-rw-rw-
DEBUG:__main__:C0714EXM
INFO:__main__:
...Uploading files from c:\DATATRANSFER\temp\C0714EXM to /MWM_VPN/test/mod/C0714EXM
INFO:__main__:0714±110±C±05±05±-±--±--±0001±ST.model
INFO:__main__:	file overwritten. Owner:nobody. Att:-rw-rw-r--
DEBUG:__main__:C0714STM
INFO:__main__:
...Uploading files from c:\DATATRANSFER\temp\C0714STM to /MWM_VPN/test/mod/C0714STM
INFO:__main__:0714±110±C±05±05±-±--±--±0001±ST.model
INFO:__main__:	file overwritten. Owner:nobody. Att:-rw-rw-r--
DEBUG:__main__:C0714ZNM
ERROR:__main__:
Sending CWD /MWM_VPN/test/mod/C0714ZNM
Error when sending CWD /MWM_VPN/TEST/MOD/C0714ZNM
	550 CWD command failed: No such file or directory.

DEBUG:__main__:LFUDM
INFO:__main__:
...Uploading files from c:\DATATRANSFER\temp\LFUDM to /MWM_VPN/test/mod/LFUDM
INFO:__main__:----±872±B±--±--±-±--±--±5248±ER±PROTECTION±PIPE±FOR±CABLES.model
INFO:__main__:	file overwritten. Owner:nobody. Att:-rw-rw-r--
INFO:__main__:----±872±B±--±--±-±--±--±5248±ZN±PROTECTION±PIPE±FOR±CABLES.model
INFO:__main__:	file overwritten. Owner:nobody. Att:-rw-rw-r--
INFO:__main__:----±872±B±--±--±-±--±--±5328±ER±BRACKET±FOR±418.0150.model
INFO:__main__:	file overwritten. Owner:nobody. Att:-rw-rw-r--
INFO:__main__:----±872±B±--±--±-±--±--±5328±ZN±BRACKET±FOR±418.0150.model
INFO:__main__:	file overwritten. Owner:nobody. Att:-rw-rw-r--
INFO:__main__:----±872±B±--±--±-±--±--±5335±ER±BUEGEL±210X620.model
INFO:__main__:	file overwritten. Owner:nobody. Att:-rw-rw-r--
INFO:__main__:----±872±B±--±--±-±--±--±5335±ZN±BUEGEL±210X620.model
INFO:__main__:	file overwritten. Owner:nobody. Att:-rw-rw-r--
INFO:__main__:----±872±B±--±--±-±--±--±5336±ER±L40X40±GELOCHT±L=200.model
INFO:__main__:	file overwritten. Owner:nobody. Att:-rw-rw-r--
INFO:__main__:----±872±B±--±--±-±--±--±5336±ZN±L40X40±GELOCHT±L=200.model
INFO:__main__:	file overwritten. Owner:nobody. Att:-rw-rw-r--
DEBUG:__main__:LFUDS
INFO:__main__:
...Uploading files from c:\DATATRANSFER\temp\LFUDS to /MWM_VPN/test/she/LFUDS
INFO:__main__:----±872±B±--±--±-±--±--±5248±ZN±PROTECTION±PIPE±FOR±CABLES.sheet
INFO:__main__:	file overwritten. Owner:nobody. Att:-rw-rw-r--
INFO:__main__:----±872±B±--±--±-±--±--±5328±ZN±BRACKET±FOR±418.0150.sheet
INFO:__main__:	file overwritten. Owner:nobody. Att:-rw-rw-r--
INFO:__main__:----±872±B±--±--±-±--±--±5335±ZN±BUEGEL±210X620.sheet
INFO:__main__:	file overwritten. Owner:nobody. Att:-rw-rw-r--
INFO:__main__:----±872±B±--±--±-±--±--±5336±ZN±L40X40±GELOCHT±L=200.sheet
INFO:__main__:	file overwritten. Owner:nobody. Att:-rw-rw-r--
DEBUG:__main__:LFUDSE
INFO:__main__:
...Uploading files from c:\DATATRANSFER\temp\LFUDSE to /MWM_VPN/test/ses/LFUDSE
INFO:__main__:----±872±B±--±--±-±--±--±5248±SE±PROTECTION±PIPE±FOR±CABLES±±SESSION.session
INFO:__main__:	file overwritten. Owner:nobody. Att:-rw-rw-r--
INFO:__main__:----±872±B±--±--±-±--±--±5328±SE±BRACKET±FOR±418.0150±±±±±±±±SESSION.session
INFO:__main__:	file overwritten. Owner:nobody. Att:-rw-rw-r--
INFO:__main__:----±872±B±--±--±-±--±--±5335±SE±BUEGEL±210X620±±±±±±±±±±±±±±SESSION.session
INFO:__main__:	file overwritten. Owner:nobody. Att:-rw-rw-r--
INFO:__main__:----±872±B±--±--±-±--±--±5336±SE±L40X40±GELOCHT±L=200±±±±±±±±SESSION.session
INFO:__main__:	file overwritten. Owner:nobody. Att:-rw-rw-r--
DEBUG:__main__:R0394ERM
ERROR:__main__:
Sending CWD /MWM_VPN/test/mod/R0394ERM
Error when sending CWD /MWM_VPN/TEST/MOD/R0394ERM
	550 CWD command failed: No such file or directory.

DEBUG:__main__:R0696ERM
INFO:__main__:
...Uploading files from c:\DATATRANSFER\temp\R0696ERM to /MWM_VPN/test/mod/R0696ERM
INFO:__main__:0696±872±R±--±01±-±05±15±1001±KB.model
INFO:__main__:	file overwritten. Owner:nobody. Att:-rw-rw-r--
DEBUG:__main__:R0708ERM
INFO:__main__:
...Uploading files from c:\DATATRANSFER\temp\R0708ERM to /MWM_VPN/test/mod/R0708ERM
INFO:__main__:0708±7±±±R±--±01±-±05±16±2001±RP.model
INFO:__main__:	file overwritten. Owner:nobody. Att:-rw-r--r--
DEBUG:__main__:R0714ERM
INFO:__main__:
...Uploading files from c:\DATATRANSFER\temp\R0714ERM to /MWM_VPN/test/mod/R0714ERM
INFO:__main__:0714±257±R±--±05±-±02±--±4006±FB.model
INFO:__main__:	file overwritten. Owner:nobody. Att:-rw-r--r--
INFO:__main__:0714±257±R±--±05±-±02±--±4006±FU.model
INFO:__main__:	file overwritten. Owner:nobody. Att:-rw-r--r--
INFO:connection:.Connection closed.

INFO:__main__:2018-02-21 02:48:21
INFO:__main__:Elapsed 0:05:20.173287
INFO:__main__:........................................................................

INFO:__main__:2018-02-24 00:09:12 (KW08)
DEBUG:__main__:cp1250
INFO:__main__:		Testing mode on AntaresDesktop. Dummy folders active
INFO:readcred:Rading Credentials
DEBUG:connection:Connecting gsmdg.home.pl
INFO:connection:.Connected.
DEBUG:connection:OPTS UTF8 ON
DEBUG:connection:CWD /MWM_VPN/test/Aktualizacje/
INFO:connection:.Connection closed.

DEBUG:connection:Connecting gsmdg.home.pl
INFO:connection:.Connected.
DEBUG:connection:OPTS UTF8 ON
INFO:__main__:Folders to be uploaded: 
[]
INFO:connection:.Connection closed.

INFO:__main__:2018-02-24 00:09:14
INFO:__main__:Elapsed 0:00:01.451082
INFO:__main__:........................................................................

INFO:__main__:2018-02-24 00:14:21 (KW08)
DEBUG:__main__:utf-8
INFO:__main__:		Testing mode on AntaresDesktop. Dummy folders active
INFO:readcred:Rading Credentials
DEBUG:connection:Connecting gsmdg.home.pl
INFO:connection:.Connected.
DEBUG:connection:OPTS UTF8 ON
DEBUG:connection:CWD /MWM_VPN/test/Aktualizacje/
INFO:connection:.Connection closed.

DEBUG:connection:Connecting gsmdg.home.pl
INFO:connection:.Connected.
DEBUG:connection:OPTS UTF8 ON
INFO:__main__:Folders to be uploaded: 
[]
INFO:connection:.Connection closed.

INFO:__main__:2018-02-24 00:14:22
INFO:__main__:Elapsed 0:00:01.108064
INFO:__main__:........................................................................

INFO:__main__:2018-02-24 22:40:58 (KW08)
DEBUG:__main__:utf-8
INFO:__main__:		Testing mode on AntaresDesktop. Dummy folders active
INFO:readcred:Rading Credentials
DEBUG:connection:Connecting gsmdg.home.pl
INFO:connection:.Connected.
DEBUG:connection:OPTS UTF8 ON
DEBUG:connection:CWD /MWM_VPN/test/Aktualizacje/
INFO:__main__:
Downloading from /MWM_VPN/test/Aktualizacje/ to c:/DATATRANSFER/temp/:
INFO:__main__:
STCHU_TCM_R0394ERM_synchro_08-Feb-2018.rar
INFO:connection:.Connection closed.

INFO:__main__:Extracting files:
INFO:__main__:R0394ERM/0394±065±R±--±00±-±05±15±5052±RP.model	478880
INFO:__main__:R0394ERM/0394±591±R±--±02±-±05±14±1002±HZ.model	282160
DEBUG:connection:Connecting gsmdg.home.pl
INFO:connection:.Connected.
DEBUG:connection:OPTS UTF8 ON
INFO:__main__:Folders to be uploaded: 
['R0394ERM']
DEBUG:__main__:R0394ERM
DEBUG:connection:CWD /MWM_VPN/test/mod/R0394ERM
ERROR:__main__:
Sending CWD /MWM_VPN/test/mod/R0394ERM
Error when sending CWD /MWM_VPN/TEST/MOD/R0394ERM
	550 CWD command failed: No such file or directory.

INFO:connection:.Connection closed.

INFO:__main__:2018-02-24 22:41:00
INFO:__main__:Elapsed 0:00:02.139770
INFO:__main__:........................................................................

INFO:__main__:2018-02-24 22:54:01 (KW08)
DEBUG:__main__:utf-8
INFO:__main__:		Testing mode on AntaresDesktop. Dummy folders active
INFO:readcred:Rading Credentials
DEBUG:connection:Connecting gsmdg.home.pl
INFO:connection:.Connected.
DEBUG:connection:OPTS UTF8 ON
DEBUG:connection:CWD /MWM_VPN/test/Aktualizacje/
INFO:__main__:
Downloading from /MWM_VPN/test/Aktualizacje/ to c:/DATATRANSFER/temp/:
INFO:__main__:
STCHU_TCM_R0696ERM_synchro_08-Feb-2018.rar
INFO:connection:.Connection closed.

INFO:__main__:Extracting files:
INFO:__main__:R0696ERM/0696±872±R±--±01±-±05±15±1001±KB.model	2332080
DEBUG:connection:Connecting gsmdg.home.pl
INFO:connection:.Connected.
DEBUG:connection:OPTS UTF8 ON
INFO:__main__:Folders to be uploaded: 
['R0696ERM']
DEBUG:__main__:R0696ERM
DEBUG:connection:CWD /MWM_VPN/test/mod/R0696ERM
INFO:__main__:
...Uploading files from c:\DATATRANSFER\temp\R0696ERM to /MWM_VPN/test/mod/R0696ERM
INFO:__main__:0696±872±R±--±01±-±05±15±1001±KB.model
INFO:__main__:	file overwritten. Owner:nobody. Att:-rw-rw-r--
INFO:connection:.Connection closed.

INFO:__main__:2018-02-24 22:54:24
INFO:__main__:Elapsed 0:00:23.492590
INFO:__main__:........................................................................

INFO:__main__:2018-02-25 21:33:10 (KW08)
DEBUG:__main__:utf-8
INFO:__main__:		Testing mode on AntaresDesktop. Dummy folders active
INFO:readcred:Rading Credentials
DEBUG:connection:Connecting gsmdg.home.pl
INFO:connection:.Connected.
DEBUG:connection:OPTS UTF8 ON
DEBUG:connection:CWD /MWM_VPN/test/Aktualizacje/
INFO:connection:.Connection closed.

DEBUG:connection:Connecting gsmdg.home.pl
INFO:connection:.Connected.
DEBUG:connection:OPTS UTF8 ON
INFO:__main__:Folders to be uploaded: 
[]
INFO:connection:.Connection closed.

INFO:__main__:2018-02-25 21:33:12
INFO:__main__:Elapsed 0:00:01.298170
INFO:__main__:........................................................................

